  Determining projects to restore...
  All projects are up-to-date for restore.
D:\study material\QrInfoApp\QrInfoApp\Program.cs(1,1): error CS8802: Only one compilation unit can have top-level statements. [D:\study material\QrInfoApp\QrInfoApp.csproj]
D:\study material\QrInfoApp\obj\Debug\net9.0\.NETCoreApp,Version=v9.0.AssemblyAttributes.cs(4,12): error CS0579: Duplicate 'global::System.Runtime.Versioning.TargetFrameworkAttribute' attribute [D:\study material\QrInfoApp\QrInfoApp.csproj]
D:\study material\QrInfoApp\obj\Debug\net9.0\QrInfoApp.AssemblyInfo.cs(13,12): error CS0579: Duplicate 'System.Reflection.AssemblyCompanyAttribute' attribute [D:\study material\QrInfoApp\QrInfoApp.csproj]
D:\study material\QrInfoApp\obj\Debug\net9.0\QrInfoApp.AssemblyInfo.cs(14,12): error CS0579: Duplicate 'System.Reflection.AssemblyConfigurationAttribute' attribute [D:\study material\QrInfoApp\QrInfoApp.csproj]
D:\study material\QrInfoApp\obj\Debug\net9.0\QrInfoApp.AssemblyInfo.cs(15,12): error CS0579: Duplicate 'System.Reflection.AssemblyFileVersionAttribute' attribute [D:\study material\QrInfoApp\QrInfoApp.csproj]
D:\study material\QrInfoApp\obj\Debug\net9.0\QrInfoApp.AssemblyInfo.cs(16,12): error CS0579: Duplicate 'System.Reflection.AssemblyInformationalVersionAttribute' attribute [D:\study material\QrInfoApp\QrInfoApp.csproj]
D:\study material\QrInfoApp\obj\Debug\net9.0\QrInfoApp.AssemblyInfo.cs(17,12): error CS0579: Duplicate 'System.Reflection.AssemblyProductAttribute' attribute [D:\study material\QrInfoApp\QrInfoApp.csproj]
D:\study material\QrInfoApp\obj\Debug\net9.0\QrInfoApp.AssemblyInfo.cs(18,12): error CS0579: Duplicate 'System.Reflection.AssemblyTitleAttribute' attribute [D:\study material\QrInfoApp\QrInfoApp.csproj]
D:\study material\QrInfoApp\obj\Debug\net9.0\QrInfoApp.AssemblyInfo.cs(19,12): error CS0579: Duplicate 'System.Reflection.AssemblyVersionAttribute' attribute [D:\study material\QrInfoApp\QrInfoApp.csproj]
D:\study material\QrInfoApp\obj\Debug\net9.0\QrInfoApp.RazorAssemblyInfo.cs(13,12): error CS0579: Duplicate 'Microsoft.AspNetCore.Mvc.ApplicationParts.ProvideApplicationPartFactoryAttribute' attribute [D:\study material\QrInfoApp\QrInfoApp.csproj]
D:\study material\QrInfoApp\QrInfoApp\Controllers\HomeController.cs(11,14): error CS0101: The namespace 'QrInfoApp.Controllers' already contains a definition for 'HomeController' [D:\study material\QrInfoApp\QrInfoApp.csproj]
D:\study material\QrInfoApp\QrInfoApp\Models\ErrorViewModel.cs(3,14): error CS0101: The namespace 'QrInfoApp.Models' already contains a definition for 'ErrorViewModel' [D:\study material\QrInfoApp\QrInfoApp.csproj]
D:\study material\QrInfoApp\QrInfoApp\Models\UserProfile.cs(5,18): error CS0101: The namespace 'QrInfoApp.Models' already contains a definition for 'UserProfile' [D:\study material\QrInfoApp\QrInfoApp.csproj]
D:\study material\QrInfoApp\QrInfoApp\Controllers\HomeController.cs(15,12): error CS0111: Type 'HomeController' already defines a member called 'HomeController' with the same parameter types [D:\study material\QrInfoApp\QrInfoApp.csproj]
D:\study material\QrInfoApp\QrInfoApp\Controllers\HomeController.cs(21,26): error CS0111: Type 'HomeController' already defines a member called 'Index' with the same parameter types [D:\study material\QrInfoApp\QrInfoApp.csproj]
D:\study material\QrInfoApp\QrInfoApp\Controllers\HomeController.cs(27,26): error CS0111: Type 'HomeController' already defines a member called 'Generate' with the same parameter types [D:\study material\QrInfoApp\QrInfoApp.csproj]
D:\study material\QrInfoApp\QrInfoApp\Controllers\HomeController.cs(48,26): error CS0111: Type 'HomeController' already defines a member called 'Privacy' with the same parameter types [D:\study material\QrInfoApp\QrInfoApp.csproj]
D:\study material\QrInfoApp\QrInfoApp\Controllers\HomeController.cs(54,26): error CS0111: Type 'HomeController' already defines a member called 'Error' with the same parameter types [D:\study material\QrInfoApp\QrInfoApp.csproj]

Build FAILED.

D:\study material\QrInfoApp\QrInfoApp\Program.cs(1,1): error CS8802: Only one compilation unit can have top-level statements. [D:\study material\QrInfoApp\QrInfoApp.csproj]
D:\study material\QrInfoApp\obj\Debug\net9.0\.NETCoreApp,Version=v9.0.AssemblyAttributes.cs(4,12): error CS0579: Duplicate 'global::System.Runtime.Versioning.TargetFrameworkAttribute' attribute [D:\study material\QrInfoApp\QrInfoApp.csproj]
D:\study material\QrInfoApp\obj\Debug\net9.0\QrInfoApp.AssemblyInfo.cs(13,12): error CS0579: Duplicate 'System.Reflection.AssemblyCompanyAttribute' attribute [D:\study material\QrInfoApp\QrInfoApp.csproj]
D:\study material\QrInfoApp\obj\Debug\net9.0\QrInfoApp.AssemblyInfo.cs(14,12): error CS0579: Duplicate 'System.Reflection.AssemblyConfigurationAttribute' attribute [D:\study material\QrInfoApp\QrInfoApp.csproj]
D:\study material\QrInfoApp\obj\Debug\net9.0\QrInfoApp.AssemblyInfo.cs(15,12): error CS0579: Duplicate 'System.Reflection.AssemblyFileVersionAttribute' attribute [D:\study material\QrInfoApp\QrInfoApp.csproj]
D:\study material\QrInfoApp\obj\Debug\net9.0\QrInfoApp.AssemblyInfo.cs(16,12): error CS0579: Duplicate 'System.Reflection.AssemblyInformationalVersionAttribute' attribute [D:\study material\QrInfoApp\QrInfoApp.csproj]
D:\study material\QrInfoApp\obj\Debug\net9.0\QrInfoApp.AssemblyInfo.cs(17,12): error CS0579: Duplicate 'System.Reflection.AssemblyProductAttribute' attribute [D:\study material\QrInfoApp\QrInfoApp.csproj]
D:\study material\QrInfoApp\obj\Debug\net9.0\QrInfoApp.AssemblyInfo.cs(18,12): error CS0579: Duplicate 'System.Reflection.AssemblyTitleAttribute' attribute [D:\study material\QrInfoApp\QrInfoApp.csproj]
D:\study material\QrInfoApp\obj\Debug\net9.0\QrInfoApp.AssemblyInfo.cs(19,12): error CS0579: Duplicate 'System.Reflection.AssemblyVersionAttribute' attribute [D:\study material\QrInfoApp\QrInfoApp.csproj]
D:\study material\QrInfoApp\obj\Debug\net9.0\QrInfoApp.RazorAssemblyInfo.cs(13,12): error CS0579: Duplicate 'Microsoft.AspNetCore.Mvc.ApplicationParts.ProvideApplicationPartFactoryAttribute' attribute [D:\study material\QrInfoApp\QrInfoApp.csproj]
D:\study material\QrInfoApp\QrInfoApp\Controllers\HomeController.cs(11,14): error CS0101: The namespace 'QrInfoApp.Controllers' already contains a definition for 'HomeController' [D:\study material\QrInfoApp\QrInfoApp.csproj]
D:\study material\QrInfoApp\QrInfoApp\Models\ErrorViewModel.cs(3,14): error CS0101: The namespace 'QrInfoApp.Models' already contains a definition for 'ErrorViewModel' [D:\study material\QrInfoApp\QrInfoApp.csproj]
D:\study material\QrInfoApp\QrInfoApp\Models\UserProfile.cs(5,18): error CS0101: The namespace 'QrInfoApp.Models' already contains a definition for 'UserProfile' [D:\study material\QrInfoApp\QrInfoApp.csproj]
D:\study material\QrInfoApp\QrInfoApp\Controllers\HomeController.cs(15,12): error CS0111: Type 'HomeController' already defines a member called 'HomeController' with the same parameter types [D:\study material\QrInfoApp\QrInfoApp.csproj]
D:\study material\QrInfoApp\QrInfoApp\Controllers\HomeController.cs(21,26): error CS0111: Type 'HomeController' already defines a member called 'Index' with the same parameter types [D:\study material\QrInfoApp\QrInfoApp.csproj]
D:\study material\QrInfoApp\QrInfoApp\Controllers\HomeController.cs(27,26): error CS0111: Type 'HomeController' already defines a member called 'Generate' with the same parameter types [D:\study material\QrInfoApp\QrInfoApp.csproj]
D:\study material\QrInfoApp\QrInfoApp\Controllers\HomeController.cs(48,26): error CS0111: Type 'HomeController' already defines a member called 'Privacy' with the same parameter types [D:\study material\QrInfoApp\QrInfoApp.csproj]
D:\study material\QrInfoApp\QrInfoApp\Controllers\HomeController.cs(54,26): error CS0111: Type 'HomeController' already defines a member called 'Error' with the same parameter types [D:\study material\QrInfoApp\QrInfoApp.csproj]
    0 Warning(s)
    18 Error(s)

Time Elapsed 00:00:01.67
